{"/Users/balamuraliarumugam/Documents/MyApp/TestApp/NewApp/src/assets/images/arrowRight/arrow-right.png": {"path":"/Users/balamuraliarumugam/Documents/MyApp/TestApp/NewApp/src/assets/images/arrowRight/arrow-right.png","statementMap":{"0":{"start":{"line":1,"column":0},"end":{"line":4,"column":6}}},"fnMap":{},"branchMap":{},"s":{"0":1},"f":{},"b":{},"inputSourceMap":null,"_coverageSchema":"1a1c01bbd47fc00a2c39e90264f33305004495a9","hash":"6646927b167218e9eada3746f662a6dec9d6429b"}
,"/Users/balamuraliarumugam/Documents/MyApp/TestApp/NewApp/src/components/atoms/Button/index.tsx": {"path":"/Users/balamuraliarumugam/Documents/MyApp/TestApp/NewApp/src/components/atoms/Button/index.tsx","statementMap":{"0":{"start":{"line":9,"column":32},"end":{"line":17,"column":1}},"1":{"start":{"line":10,"column":2},"end":{"line":16,"column":4}},"2":{"start":{"line":19,"column":15},"end":{"line":35,"column":2}}},"fnMap":{"0":{"name":"(anonymous_0)","decl":{"start":{"line":9,"column":32},"end":{"line":9,"column":33}},"loc":{"start":{"line":9,"column":41},"end":{"line":17,"column":1}},"line":9}},"branchMap":{},"s":{"0":1,"1":1,"2":1},"f":{"0":1},"b":{},"_coverageSchema":"1a1c01bbd47fc00a2c39e90264f33305004495a9","hash":"fd63ebb27a60035225a97acc44e8804797ee33c4"}
,"/Users/balamuraliarumugam/Documents/MyApp/TestApp/NewApp/src/components/atoms/Header/index.tsx": {"path":"/Users/balamuraliarumugam/Documents/MyApp/TestApp/NewApp/src/components/atoms/Header/index.tsx","statementMap":{"0":{"start":{"line":8,"column":32},"end":{"line":20,"column":1}},"1":{"start":{"line":9,"column":2},"end":{"line":19,"column":4}},"2":{"start":{"line":22,"column":15},"end":{"line":45,"column":2}}},"fnMap":{"0":{"name":"(anonymous_0)","decl":{"start":{"line":8,"column":32},"end":{"line":8,"column":33}},"loc":{"start":{"line":8,"column":41},"end":{"line":20,"column":1}},"line":8}},"branchMap":{},"s":{"0":1,"1":1,"2":1},"f":{"0":1},"b":{},"_coverageSchema":"1a1c01bbd47fc00a2c39e90264f33305004495a9","hash":"31b652fbcb5c481e934944b6b569721c9e71f1e4"}
}
